<?xml version="1.0" encoding="UTF-8"?>
<!-- Generated by org.testng.reporters.JUnitXMLReporter -->
<testsuite ignored="0" hostname="DESKTOP-4A0R1FS" failures="0" tests="9" name="Accounts Page Test" time="43.93" errors="0" timestamp="2023-02-15T10:27:40 IST">
  <testcase classname="com.qa.opencart.AccountPageTest" name="accountPageTitleTest" time="0.052"/>
  <testcase classname="com.qa.opencart.AccountPageTest" name="headerSectionsTextTest" time="0.568"/>
  <testcase classname="com.qa.opencart.AccountPageTest" name="logOutLinkExistTest" time="0.318"/>
  <testcase classname="com.qa.opencart.AccountPageTest" name="myAccountSectionLinksTest" time="0.315"/>
  <testcase classname="com.qa.opencart.AccountPageTest" name="myAffiliateAccountSectionLinkTest" time="0.356"/>
  <testcase classname="com.qa.opencart.AccountPageTest" name="myOrdersSectionLinksTest" time="0.83"/>
  <testcase classname="com.qa.opencart.AccountPageTest" name="newsLetterSectionLinkTest" time="0.104"/>
  <testcase classname="com.qa.opencart.AccountPageTest" name="searchBoxExistTest" time="0.194"/>
  <testcase classname="com.qa.opencart.AccountPageTest" name="searchButtonTest" time="0.104"/>
</testsuite> <!-- Accounts Page Test -->
