<?xml version="1.0" encoding="UTF-8"?>
<!-- Generated by org.testng.reporters.JUnitXMLReporter -->
<testsuite ignored="0" hostname="DESKTOP-4A0R1FS" failures="0" tests="3" name="Forgot Password Page Test" time="45.921" errors="0" timestamp="2023-02-15T10:27:42 IST">
  <testcase classname="com.qa.opencart.ForgotPasswordPageTest" name="emailIdTextBoxExistTest" time="0.198"/>
  <testcase classname="com.qa.opencart.ForgotPasswordPageTest" name="forgotPwdHeaderTextTest" time="0.101"/>
  <testcase classname="com.qa.opencart.ForgotPasswordPageTest" name="forgotPwdPageTitleTest" time="0.017"/>
</testsuite> <!-- Forgot Password Page Test -->
