<?xml version="1.0" encoding="UTF-8"?>
<!-- Generated by org.testng.reporters.JUnitXMLReporter -->
<testsuite ignored="0" hostname="DESKTOP-4A0R1FS" failures="0" tests="10" name="Product Info Page Test" time="47.364" errors="0" timestamp="2023-02-15T10:27:43 IST">
  <testcase classname="com.qa.opencart.ProductInfoPageTest" name="addToCartButtonTest" time="0.101"/>
  <testcase classname="com.qa.opencart.ProductInfoPageTest" name="compareButtonTest" time="0.122"/>
  <testcase classname="com.qa.opencart.ProductInfoPageTest" name="descriptionLinkTest" time="1.561"/>
  <testcase classname="com.qa.opencart.ProductInfoPageTest" name="productDataTest" time="0.448"/>
  <testcase classname="com.qa.opencart.ProductInfoPageTest" name="productImagesCountTest" time="0.037"/>
  <testcase classname="com.qa.opencart.ProductInfoPageTest" name="productNavTabCountTest" time="0.042"/>
  <testcase classname="com.qa.opencart.ProductInfoPageTest" name="quantityLabelTest" time="0.078"/>
  <testcase classname="com.qa.opencart.ProductInfoPageTest" name="quantityTextBoxTest" time="0.061"/>
  <testcase classname="com.qa.opencart.ProductInfoPageTest" name="specificationLinkTest" time="0.124"/>
  <testcase classname="com.qa.opencart.ProductInfoPageTest" name="wishListButtonTest" time="0.061"/>
</testsuite> <!-- Product Info Page Test -->
