<?xml version="1.0" encoding="UTF-8"?>
<!-- Generated by org.testng.reporters.JUnitXMLReporter -->
<testsuite ignored="0" hostname="DESKTOP-4A0R1FS" failures="0" tests="9" name="Results Page Test" time="44.094" errors="0" timestamp="2023-02-15T10:27:40 IST">
  <testcase classname="com.qa.opencart.ResultsPageTest" name="productHeaderTextTest" time="0.335"/>
  <testcase classname="com.qa.opencart.ResultsPageTest" name="resultsPageBreadCrumbTest" time="0.533"/>
  <testcase classname="com.qa.opencart.ResultsPageTest" name="resultsPageCheckBoxIsDisplayedTest" time="0.193"/>
  <testcase classname="com.qa.opencart.ResultsPageTest" name="resultsPageDropDownsExistTest" time="0.395"/>
  <testcase classname="com.qa.opencart.ResultsPageTest" name="resultsPageTitleTest" time="0.017"/>
  <testcase classname="com.qa.opencart.ResultsPageTest" name="searchButtonTest" time="0.091"/>
  <testcase classname="com.qa.opencart.ResultsPageTest" name="searchHeaderTextTest" time="0.081"/>
  <testcase classname="com.qa.opencart.ResultsPageTest" name="searchTextBoxInnerTextProductNameTest" time="0.188"/>
  <testcase classname="com.qa.opencart.ResultsPageTest" name="subCategoryCheckBoxIsEnabledTest" time="0.903"/>
</testsuite> <!-- Results Page Test -->
